
signal (15): Terminated
in expression starting at /home/yjkim/codes/repository/julia/Cubic/tmm/bar_dist.jl:22
epoll_wait at /lib/x86_64-linux-gnu/libc.so.6 (unknown line)
uv__io_poll at /workspace/srcdir/libuv/src/unix/linux-core.c:309
uv_run at /workspace/srcdir/libuv/src/unix/core.c:379
jl_task_get_next at /buildworker/worker/package_linux64/build/src/partr.c:472
poptask at ./task.jl:760
wait at ./task.jl:768 [inlined]
wait at ./condition.jl:106
take_buffered at ./channels.jl:389
take! at ./channels.jl:383
_jl_invoke at /buildworker/worker/package_linux64/build/src/gf.c:2237 [inlined]
jl_apply_generic at /buildworker/worker/package_linux64/build/src/gf.c:2419
take! at /buildworker/worker/package_linux64/build/usr/share/julia/stdlib/v1.6/Distributed/src/remotecall.jl:599
#remotecall_fetch#143 at /buildworker/worker/package_linux64/build/usr/share/julia/stdlib/v1.6/Distributed/src/remotecall.jl:390 [inlined]
remotecall_fetch at /buildworker/worker/package_linux64/build/usr/share/julia/stdlib/v1.6/Distributed/src/remotecall.jl:386
unknown function (ip: 0x7f91841b3aec)
_jl_invoke at /buildworker/worker/package_linux64/build/src/gf.c:2237 [inlined]
jl_apply_generic at /buildworker/worker/package_linux64/build/src/gf.c:2419
#remotecall_fetch#146 at /buildworker/worker/package_linux64/build/usr/share/julia/stdlib/v1.6/Distributed/src/remotecall.jl:421
remotecall_fetch at /buildworker/worker/package_linux64/build/usr/share/julia/stdlib/v1.6/Distributed/src/remotecall.jl:421
unknown function (ip: 0x7f91841b380f)
_jl_invoke at /buildworker/worker/package_linux64/build/src/gf.c:2237 [inlined]
jl_apply_generic at /buildworker/worker/package_linux64/build/src/gf.c:2419
#remotecall_pool#165 at /buildworker/worker/package_linux64/build/usr/share/julia/stdlib/v1.6/Distributed/src/workerpool.jl:123
unknown function (ip: 0x7f91841b35e2)
remotecall_pool at /buildworker/worker/package_linux64/build/usr/share/julia/stdlib/v1.6/Distributed/src/workerpool.jl:121 [inlined]
#remotecall_fetch#182 at /buildworker/worker/package_linux64/build/usr/share/julia/stdlib/v1.6/Distributed/src/workerpool.jl:229 [inlined]
remotecall_fetch at /buildworker/worker/package_linux64/build/usr/share/julia/stdlib/v1.6/Distributed/src/workerpool.jl:229 [inlined]
#190#191 at /buildworker/worker/package_linux64/build/usr/share/julia/stdlib/v1.6/Distributed/src/workerpool.jl:274 [inlined]
#190 at /buildworker/worker/package_linux64/build/usr/share/julia/stdlib/v1.6/Distributed/src/workerpool.jl:274 [inlined]
#827 at ./asyncmap.jl:100
unknown function (ip: 0x7f91841b2778)
_jl_invoke at /buildworker/worker/package_linux64/build/src/gf.c:2237 [inlined]
jl_apply_generic at /buildworker/worker/package_linux64/build/src/gf.c:2419
jl_apply at /buildworker/worker/package_linux64/build/src/julia.h:1703 [inlined]
do_apply at /buildworker/worker/package_linux64/build/src/builtins.c:670
macro expansion at ./asyncmap.jl:234 [inlined]
#843 at ./task.jl:411
unknown function (ip: 0x7f91841b0bfc)
_jl_invoke at /buildworker/worker/package_linux64/build/src/gf.c:2237 [inlined]
jl_apply_generic at /buildworker/worker/package_linux64/build/src/gf.c:2419
jl_apply at /buildworker/worker/package_linux64/build/src/julia.h:1703 [inlined]
start_task at /buildworker/worker/package_linux64/build/src/task.c:839
unknown function (ip: (nil))
unknown function (ip: (nil))
Allocations: 23199701 (Pool: 23192992; Big: 6709); GC: 26
┌ Warning: Forcibly interrupting busy workers
│   exception = schedule: Task not runnable
└ @ Distributed /buildworker/worker/package_linux64/build/usr/share/julia/stdlib/v1.6/Distributed/src/cluster.jl:1242
N = 10000000
Number of Processors: 26
