ERROR: LoadError: syntax: { } vector syntax is discontinued around /home/yjkim/codes/repository/julia/ABF/ABF2D/V2fine_0.2/sym-config:1
Stacktrace:
 [1] top-level scope
   @ ~/codes/repository/julia/ABF/ABF2D/V2fine_0.2/sym-config:1
in expression starting at /home/yjkim/codes/repository/julia/ABF/ABF2D/V2fine_0.2/sym-config:1
ERROR: LoadError: syntax: { } vector syntax is discontinued around /home/yjkim/codes/repository/julia/ABF/ABF2D/V2fine_0.2/sym-config2:1
Stacktrace:
 [1] top-level scope
   @ ~/codes/repository/julia/ABF/ABF2D/V2fine_0.2/sym-config2:1
in expression starting at /home/yjkim/codes/repository/julia/ABF/ABF2D/V2fine_0.2/sym-config2:1
ERROR: LoadError: syntax: { } vector syntax is discontinued around /home/yjkim/codes/repository/julia/ABF/ABF2D/V2fine_0.2/sym-config3:1
Stacktrace:
 [1] top-level scope
   @ ~/codes/repository/julia/ABF/ABF2D/V2fine_0.2/sym-config3:1
in expression starting at /home/yjkim/codes/repository/julia/ABF/ABF2D/V2fine_0.2/sym-config3:1
ERROR: LoadError: syntax: { } vector syntax is discontinued around /home/yjkim/codes/repository/julia/ABF/ABF2D/V2fine_0.2/sym-config:1
Stacktrace:
 [1] top-level scope
   @ ~/codes/repository/julia/ABF/ABF2D/V2fine_0.2/sym-config:1
in expression starting at /home/yjkim/codes/repository/julia/ABF/ABF2D/V2fine_0.2/sym-config:1

signal (2): Interrupt
in expression starting at /home/yjkim/codes/repository/julia/ABF/ABF2D/ed-sf-sym-fixed-eps.jl:27
pthread_cond_wait at /lib/x86_64-linux-gnu/libpthread.so.0 (unknown line)
uv_cond_wait at /workspace/srcdir/libuv/src/unix/thread.c:847
jl_task_get_next at /buildworker/worker/package_linux64/build/src/partr.c:508
poptask at ./task.jl:760
wait at ./task.jl:768 [inlined]
task_done_hook at ./task.jl:494
_jl_invoke at /buildworker/worker/package_linux64/build/src/gf.c:2237 [inlined]
jl_apply_generic at /buildworker/worker/package_linux64/build/src/gf.c:2419
jl_apply at /buildworker/worker/package_linux64/build/src/julia.h:1703 [inlined]
jl_finish_task at /buildworker/worker/package_linux64/build/src/task.c:208
jl_threadfun at /buildworker/worker/package_linux64/build/src/partr.c:264
start_thread at /lib/x86_64-linux-gnu/libpthread.so.0 (unknown line)
clone at /lib/x86_64-linux-gnu/libc.so.6 (unknown line)
unknown function (ip: (nil))
pthread_cond_wait at /lib/x86_64-linux-gnu/libpthread.so.0 (unknown line)
uv_cond_wait at /workspace/srcdir/libuv/src/unix/thread.c:847
jl_task_get_next at /buildworker/worker/package_linux64/build/src/partr.c:508
poptask at ./task.jl:760
wait at ./task.jl:768 [inlined]
task_done_hook at ./task.jl:494
_jl_invoke at /buildworker/worker/package_linux64/build/src/gf.c:2237 [inlined]
jl_apply_generic at /buildworker/worker/package_linux64/build/src/gf.c:2419
jl_apply at /buildworker/worker/package_linux64/build/src/julia.h:1703 [inlined]
jl_finish_task at /buildworker/worker/package_linux64/build/src/task.c:208
jl_threadfun at /buildworker/worker/package_linux64/build/src/partr.c:264
start_thread at /lib/x86_64-linux-gnu/libpthread.so.0 (unknown line)
clone at /lib/x86_64-linux-gnu/libc.so.6 (unknown line)
unknown function (ip: (nil))
pthread_cond_wait at /lib/x86_64-linux-gnu/libpthread.so.0 (unknown line)
uv_cond_wait at /workspace/srcdir/libuv/src/unix/thread.c:847
jl_task_get_next at /buildworker/worker/package_linux64/build/src/partr.c:508
poptask at ./task.jl:760
wait at ./task.jl:768 [inlined]
task_done_hook at ./task.jl:494
_jl_invoke at /buildworker/worker/package_linux64/build/src/gf.c:2237 [inlined]
jl_apply_generic at /buildworker/worker/package_linux64/build/src/gf.c:2419
jl_apply at /buildworker/worker/package_linux64/build/src/julia.h:1703 [inlined]
jl_finish_task at /buildworker/worker/package_linux64/build/src/task.c:208
jl_threadfun at /buildworker/worker/package_linux64/build/src/partr.c:264
start_thread at /lib/x86_64-linux-gnu/libpthread.so.0 (unknown line)
clone at /lib/x86_64-linux-gnu/libc.so.6 (unknown line)
unknown function (ip: (nil))
_ZN4llvm26LoopVectorizationCostModel19collectLoopUniformsEj at /home/yjkim/julia-1.6.2/bin/../lib/julia/libLLVM-11jl.so (unknown line)
_ZN4llvm24LoopVectorizationPlanner4planEjj at /home/yjkim/julia-1.6.2/bin/../lib/julia/libLLVM-11jl.so (unknown line)
_ZN4llvm17LoopVectorizePass11processLoopEPNS_4LoopE at /home/yjkim/julia-1.6.2/bin/../lib/julia/libLLVM-11jl.so (unknown line)
_ZN4llvm17LoopVectorizePass7runImplERNS_8FunctionERNS_15ScalarEvolutionERNS_8LoopInfoERNS_19TargetTransformInfoERNS_13DominatorTreeERNS_18BlockFrequencyInfoEPNS_17TargetLibraryInfoERNS_12DemandedBitsERNS_9AAResultsERNS_15AssumptionCacheERSt8functionIFRKNS_14LoopAccessInfoERNS_4LoopEEERNS_25OptimizationRemarkEmitterEPNS_18ProfileSummaryInfoE at /home/yjkim/julia-1.6.2/bin/../lib/julia/libLLVM-11jl.so (unknown line)
_ZN12_GLOBAL__N_113LoopVectorize13runOnFunctionERN4llvm8FunctionE at /home/yjkim/julia-1.6.2/bin/../lib/julia/libLLVM-11jl.so (unknown line)
_ZN4llvm13FPPassManager13runOnFunctionERNS_8FunctionE at /home/yjkim/julia-1.6.2/bin/../lib/julia/libLLVM-11jl.so (unknown line)
_ZN4llvm13FPPassManager11runOnModuleERNS_6ModuleE at /home/yjkim/julia-1.6.2/bin/../lib/julia/libLLVM-11jl.so (unknown line)
_ZN4llvm6legacy15PassManagerImpl3runERNS_6ModuleE at /home/yjkim/julia-1.6.2/bin/../lib/julia/libLLVM-11jl.so (unknown line)
operator() at /buildworker/worker/package_linux64/build/src/jitlayers.cpp:613
_ZN4llvm3orc14IRCompileLayer4emitENS0_29MaterializationResponsibilityENS0_16ThreadSafeModuleE at /home/yjkim/julia-1.6.2/bin/../lib/julia/libLLVM-11jl.so (unknown line)
_ZN4llvm3orc31BasicIRLayerMaterializationUnit11materializeENS0_29MaterializationResponsibilityE at /home/yjkim/julia-1.6.2/bin/../lib/julia/libLLVM-11jl.so (unknown line)
_ZN4llvm3orc16ExecutionSession26materializeOnCurrentThreadESt10unique_ptrINS0_19MaterializationUnitESt14default_deleteIS3_EENS0_29MaterializationResponsibilityE at /home/yjkim/julia-1.6.2/bin/../lib/julia/libLLVM-11jl.so (unknown line)
_ZNSt17_Function_handlerIFvSt10unique_ptrIN4llvm3orc19MaterializationUnitESt14default_deleteIS3_EENS2_29MaterializationResponsibilityEEPS8_E9_M_invokeERKSt9_Any_dataOS6_OS7_ at /home/yjkim/julia-1.6.2/bin/../lib/julia/libLLVM-11jl.so (unknown line)
_ZN4llvm3orc16ExecutionSession17runOutstandingMUsEv at /home/yjkim/julia-1.6.2/bin/../lib/julia/libLLVM-11jl.so (unknown line)
_ZN4llvm3orc16ExecutionSession6lookupENS0_10LookupKindERKSt6vectorISt4pairIPNS0_8JITDylibENS0_19JITDylibLookupFlagsEESaIS8_EENS0_15SymbolLookupSetENS0_11SymbolStateENS_15unique_functionIFvNS_8ExpectedINS_8DenseMapINS0_15SymbolStringPtrENS_18JITEvaluatedSymbolENS_12DenseMapInfoISI_EENS_6detail12DenseMapPairISI_SJ_EEEEEEEEESt8functionIFvRKNSH_IS6_NS_8DenseSetISI_SL_EENSK_IS6_EENSN_IS6_SV_EEEEEE at /home/yjkim/julia-1.6.2/bin/../lib/julia/libLLVM-11jl.so (unknown line)
_ZN4llvm3orc16ExecutionSession6lookupERKSt6vectorISt4pairIPNS0_8JITDylibENS0_19JITDylibLookupFlagsEESaIS7_EERKNS0_15SymbolLookupSetENS0_10LookupKindENS0_11SymbolStateESt8functionIFvRKNS_8DenseMapIS5_NS_8DenseSetINS0_15SymbolStringPtrENS_12DenseMapInfoISK_EEEENSL_IS5_EENS_6detail12DenseMapPairIS5_SN_EEEEEE at /home/yjkim/julia-1.6.2/bin/../lib/julia/libLLVM-11jl.so (unknown line)
_ZN4llvm3orc16ExecutionSession6lookupERKSt6vectorISt4pairIPNS0_8JITDylibENS0_19JITDylibLookupFlagsEESaIS7_EENS0_15SymbolStringPtrENS0_11SymbolStateE at /home/yjkim/julia-1.6.2/bin/../lib/julia/libLLVM-11jl.so (unknown line)
_ZN4llvm3orc16ExecutionSession6lookupENS_8ArrayRefIPNS0_8JITDylibEEENS0_15SymbolStringPtrENS0_11SymbolStateE at /home/yjkim/julia-1.6.2/bin/../lib/julia/libLLVM-11jl.so (unknown line)
_ZN4llvm3orc16ExecutionSession6lookupENS_8ArrayRefIPNS0_8JITDylibEEENS_9StringRefENS0_11SymbolStateE at /home/yjkim/julia-1.6.2/bin/../lib/julia/libLLVM-11jl.so (unknown line)
addModule at /buildworker/worker/package_linux64/build/src/jitlayers.cpp:788
jl_add_to_ee at /buildworker/worker/package_linux64/build/src/jitlayers.cpp:1067
jl_add_to_ee at /buildworker/worker/package_linux64/build/src/jitlayers.cpp:1111
jl_add_to_ee at /buildworker/worker/package_linux64/build/src/jitlayers.cpp:1133 [inlined]
_jl_compile_codeinst at /buildworker/worker/package_linux64/build/src/jitlayers.cpp:154
jl_generate_fptr at /buildworker/worker/package_linux64/build/src/jitlayers.cpp:352
jl_compile_method_internal at /buildworker/worker/package_linux64/build/src/gf.c:1970
jl_compile_method_internal at /buildworker/worker/package_linux64/build/src/gf.c:2236 [inlined]
_jl_invoke at /buildworker/worker/package_linux64/build/src/gf.c:2229 [inlined]
jl_apply_generic at /buildworker/worker/package_linux64/build/src/gf.c:2419
jl_apply at /buildworker/worker/package_linux64/build/src/julia.h:1703 [inlined]
do_call at /buildworker/worker/package_linux64/build/src/interpreter.c:115
eval_value at /buildworker/worker/package_linux64/build/src/interpreter.c:204
eval_stmt_value at /buildworker/worker/package_linux64/build/src/interpreter.c:155 [inlined]
eval_body at /buildworker/worker/package_linux64/build/src/interpreter.c:562
jl_interpret_toplevel_thunk at /buildworker/worker/package_linux64/build/src/interpreter.c:670
jl_toplevel_eval_flex at /buildworker/worker/package_linux64/build/src/toplevel.c:877
jl_toplevel_eval_flex at /buildworker/worker/package_linux64/build/src/toplevel.c:825
jl_toplevel_eval_in at /buildworker/worker/package_linux64/build/src/toplevel.c:929
eval at ./boot.jl:360 [inlined]
include_string at ./loading.jl:1116
_jl_invoke at /buildworker/worker/package_linux64/build/src/gf.c:2237 [inlined]
jl_apply_generic at /buildworker/worker/package_linux64/build/src/gf.c:2419
_include at ./loading.jl:1170
include at ./Base.jl:386
_jl_invoke at /buildworker/worker/package_linux64/build/src/gf.c:2237 [inlined]
jl_apply_generic at /buildworker/worker/package_linux64/build/src/gf.c:2419
exec_options at ./client.jl:285
_start at ./client.jl:485
jfptr__start_34281.clone_1 at /home/yjkim/julia-1.6.2/lib/julia/sys.so (unknown line)
_jl_invoke at /buildworker/worker/package_linux64/build/src/gf.c:2237 [inlined]
jl_apply_generic at /buildworker/worker/package_linux64/build/src/gf.c:2419
jl_apply at /buildworker/worker/package_linux64/build/src/julia.h:1703 [inlined]
true_main at /buildworker/worker/package_linux64/build/src/jlapi.c:560
repl_entrypoint at /buildworker/worker/package_linux64/build/src/jlapi.c:702
main at /buildworker/worker/package_linux64/build/cli/loader_exe.c:51
__libc_start_main at /lib/x86_64-linux-gnu/libc.so.6 (unknown line)
_start at /home/yjkim/julia-1.6.2/bin/julia (unknown line)
unknown function (ip: (nil))
Allocations: 22107083 (Pool: 22099048; Big: 8035); GC: 23

signal (15): Terminated
in expression starting at /home/yjkim/codes/repository/julia/ABF/ABF2D/ed-sf-sym-fixed-eps.jl:27
pthread_cond_wait at /lib/x86_64-linux-gnu/libpthread.so.0 (unknown line)
uv_cond_wait at /workspace/srcdir/libuv/src/unix/thread.c:847
jl_task_get_next at /buildworker/worker/package_linux64/build/src/partr.c:508
poptask at ./task.jl:760
wait at ./task.jl:768 [inlined]
task_done_hook at ./task.jl:494
_jl_invoke at /buildworker/worker/package_linux64/build/src/gf.c:2237 [inlined]
jl_apply_generic at /buildworker/worker/package_linux64/build/src/gf.c:2419
jl_apply at /buildworker/worker/package_linux64/build/src/julia.h:1703 [inlined]
jl_finish_task at /buildworker/worker/package_linux64/build/src/task.c:208
jl_threadfun at /buildworker/worker/package_linux64/build/src/partr.c:264
start_thread at /lib/x86_64-linux-gnu/libpthread.so.0 (unknown line)
clone at /lib/x86_64-linux-gnu/libc.so.6 (unknown line)
unknown function (ip: (nil))
pthread_cond_wait at /lib/x86_64-linux-gnu/libpthread.so.0 (unknown line)
uv_cond_wait at /workspace/srcdir/libuv/src/unix/thread.c:847
jl_task_get_next at /buildworker/worker/package_linux64/build/src/partr.c:508
poptask at ./task.jl:760
wait at ./task.jl:768 [inlined]
task_done_hook at ./task.jl:494
_jl_invoke at /buildworker/worker/package_linux64/build/src/gf.c:2237 [inlined]
jl_apply_generic at /buildworker/worker/package_linux64/build/src/gf.c:2419
jl_apply at /buildworker/worker/package_linux64/build/src/julia.h:1703 [inlined]
jl_finish_task at /buildworker/worker/package_linux64/build/src/task.c:208
jl_threadfun at /buildworker/worker/package_linux64/build/src/partr.c:264
start_thread at /lib/x86_64-linux-gnu/libpthread.so.0 (unknown line)
clone at /lib/x86_64-linux-gnu/libc.so.6 (unknown line)
unknown function (ip: (nil))
pthread_cond_wait at /lib/x86_64-linux-gnu/libpthread.so.0 (unknown line)
uv_cond_wait at /workspace/srcdir/libuv/src/unix/thread.c:847
jl_task_get_next at /buildworker/worker/package_linux64/build/src/partr.c:508
poptask at ./task.jl:760
wait at ./task.jl:768 [inlined]
task_done_hook at ./task.jl:494
_jl_invoke at /buildworker/worker/package_linux64/build/src/gf.c:2237 [inlined]
jl_apply_generic at /buildworker/worker/package_linux64/build/src/gf.c:2419
jl_apply at /buildworker/worker/package_linux64/build/src/julia.h:1703 [inlined]
jl_finish_task at /buildworker/worker/package_linux64/build/src/task.c:208
jl_threadfun at /buildworker/worker/package_linux64/build/src/partr.c:264
start_thread at /lib/x86_64-linux-gnu/libpthread.so.0 (unknown line)
clone at /lib/x86_64-linux-gnu/libc.so.6 (unknown line)
unknown function (ip: (nil))
pthread_rwlock_wrlock at /lib/x86_64-linux-gnu/libpthread.so.0 (unknown line)
uv_rwlock_wrlock at /workspace/srcdir/libuv/src/unix/thread.c:461
jl_profile_atomic<JuliaJITEventListener::_NotifyObjectEmitted(const llvm::object::ObjectFile&, const llvm::RuntimeDyld::LoadedObjectInfo&, llvm::RTDyldMemoryManager*)::<lambda()> > at /buildworker/worker/package_linux64/build/src/debuginfo.cpp:73 [inlined]
_NotifyObjectEmitted at /buildworker/worker/package_linux64/build/src/debuginfo.cpp:417
_ZN4llvm3orc24RTDyldObjectLinkingLayer9onObjLoadEmRNS0_29MaterializationResponsibilityERKNS_6object10ObjectFileEPNS_11RuntimeDyld13MemoryManagerESt10unique_ptrINS8_16LoadedObjectInfoESt14default_deleteISC_EESt3mapINS_9StringRefENS_18JITEvaluatedSymbolESt4lessISH_ESaISt4pairIKSH_SI_EEERSt3setISH_SK_SaISH_EE at /home/yjkim/julia-1.6.2/bin/../lib/julia/libLLVM-11jl.so (unknown line)
_ZN4llvm6detail18UniqueFunctionBaseINS_5ErrorEJRKNS_6object10ObjectFileESt10unique_ptrINS_11RuntimeDyld16LoadedObjectInfoESt14default_deleteIS9_EESt3mapINS_9StringRefENS_18JITEvaluatedSymbolESt4lessISE_ESaISt4pairIKSE_SF_EEEEE8CallImplIZNS_3orc24RTDyldObjectLinkingLayer4emitENSP_29MaterializationResponsibilityES7_INS_12MemoryBufferESA_ISS_EEEUlS6_SC_SM_E_EES2_PvS6_RSC_RSM_ at /home/yjkim/julia-1.6.2/bin/../lib/julia/libLLVM-11jl.so (unknown line)
_ZN4llvm13jitLinkForORCENS_6object12OwningBinaryINS0_10ObjectFileEEERNS_11RuntimeDyld13MemoryManagerERNS_17JITSymbolResolverEbNS_15unique_functionIFNS_5ErrorERKS2_St10unique_ptrINS4_16LoadedObjectInfoESt14default_deleteISE_EESt3mapINS_9StringRefENS_18JITEvaluatedSymbolESt4lessISJ_ESaISt4pairIKSJ_SK_EEEEEENS9_IFvS3_SA_EEE at /home/yjkim/julia-1.6.2/bin/../lib/julia/libLLVM-11jl.so (unknown line)
_ZN4llvm3orc24RTDyldObjectLinkingLayer4emitENS0_29MaterializationResponsibilityESt10unique_ptrINS_12MemoryBufferESt14default_deleteIS4_EE at /home/yjkim/julia-1.6.2/bin/../lib/julia/libLLVM-11jl.so (unknown line)
_ZN4llvm3orc14IRCompileLayer4emitENS0_29MaterializationResponsibilityENS0_16ThreadSafeModuleE at /home/yjkim/julia-1.6.2/bin/../lib/julia/libLLVM-11jl.so (unknown line)
_ZN4llvm3orc31BasicIRLayerMaterializationUnit11materializeENS0_29MaterializationResponsibilityE at /home/yjkim/julia-1.6.2/bin/../lib/julia/libLLVM-11jl.so (unknown line)
_ZN4llvm3orc16ExecutionSession26materializeOnCurrentThreadESt10unique_ptrINS0_19MaterializationUnitESt14default_deleteIS3_EENS0_29MaterializationResponsibilityE at /home/yjkim/julia-1.6.2/bin/../lib/julia/libLLVM-11jl.so (unknown line)
_ZNSt17_Function_handlerIFvSt10unique_ptrIN4llvm3orc19MaterializationUnitESt14default_deleteIS3_EENS2_29MaterializationResponsibilityEEPS8_E9_M_invokeERKSt9_Any_dataOS6_OS7_ at /home/yjkim/julia-1.6.2/bin/../lib/julia/libLLVM-11jl.so (unknown line)
_ZN4llvm3orc16ExecutionSession17runOutstandingMUsEv at /home/yjkim/julia-1.6.2/bin/../lib/julia/libLLVM-11jl.so (unknown line)
_ZN4llvm3orc16ExecutionSession6lookupENS0_10LookupKindERKSt6vectorISt4pairIPNS0_8JITDylibENS0_19JITDylibLookupFlagsEESaIS8_EENS0_15SymbolLookupSetENS0_11SymbolStateENS_15unique_functionIFvNS_8ExpectedINS_8DenseMapINS0_15SymbolStringPtrENS_18JITEvaluatedSymbolENS_12DenseMapInfoISI_EENS_6detail12DenseMapPairISI_SJ_EEEEEEEEESt8functionIFvRKNSH_IS6_NS_8DenseSetISI_SL_EENSK_IS6_EENSN_IS6_SV_EEEEEE at /home/yjkim/julia-1.6.2/bin/../lib/julia/libLLVM-11jl.so (unknown line)
_ZN4llvm3orc16ExecutionSession6lookupERKSt6vectorISt4pairIPNS0_8JITDylibENS0_19JITDylibLookupFlagsEESaIS7_EERKNS0_15SymbolLookupSetENS0_10LookupKindENS0_11SymbolStateESt8functionIFvRKNS_8DenseMapIS5_NS_8DenseSetINS0_15SymbolStringPtrENS_12DenseMapInfoISK_EEEENSL_IS5_EENS_6detail12DenseMapPairIS5_SN_EEEEEE at /home/yjkim/julia-1.6.2/bin/../lib/julia/libLLVM-11jl.so (unknown line)
_ZN4llvm3orc16ExecutionSession6lookupERKSt6vectorISt4pairIPNS0_8JITDylibENS0_19JITDylibLookupFlagsEESaIS7_EENS0_15SymbolStringPtrENS0_11SymbolStateE at /home/yjkim/julia-1.6.2/bin/../lib/julia/libLLVM-11jl.so (unknown line)
_ZN4llvm3orc16ExecutionSession6lookupENS_8ArrayRefIPNS0_8JITDylibEEENS0_15SymbolStringPtrENS0_11SymbolStateE at /home/yjkim/julia-1.6.2/bin/../lib/julia/libLLVM-11jl.so (unknown line)
_ZN4llvm3orc16ExecutionSession6lookupENS_8ArrayRefIPNS0_8JITDylibEEENS_9StringRefENS0_11SymbolStateE at /home/yjkim/julia-1.6.2/bin/../lib/julia/libLLVM-11jl.so (unknown line)
addModule at /buildworker/worker/package_linux64/build/src/jitlayers.cpp:788
jl_add_to_ee at /buildworker/worker/package_linux64/build/src/jitlayers.cpp:1067
jl_add_to_ee at /buildworker/worker/package_linux64/build/src/jitlayers.cpp:1111
jl_add_to_ee at /buildworker/worker/package_linux64/build/src/jitlayers.cpp:1133 [inlined]
_jl_compile_codeinst at /buildworker/worker/package_linux64/build/src/jitlayers.cpp:154
jl_generate_fptr at /buildworker/worker/package_linux64/build/src/jitlayers.cpp:352
jl_compile_method_internal at /buildworker/worker/package_linux64/build/src/gf.c:1970
jl_compile_method_internal at /buildworker/worker/package_linux64/build/src/gf.c:2236 [inlined]
_jl_invoke at /buildworker/worker/package_linux64/build/src/gf.c:2229 [inlined]
jl_apply_generic at /buildworker/worker/package_linux64/build/src/gf.c:2419
jl_apply at /buildworker/worker/package_linux64/build/src/julia.h:1703 [inlined]
do_call at /buildworker/worker/package_linux64/build/src/interpreter.c:115
eval_value at /buildworker/worker/package_linux64/build/src/interpreter.c:204
eval_stmt_value at /buildworker/worker/package_linux64/build/src/interpreter.c:155 [inlined]
eval_body at /buildworker/worker/package_linux64/build/src/interpreter.c:562
jl_interpret_toplevel_thunk at /buildworker/worker/package_linux64/build/src/interpreter.c:670
jl_toplevel_eval_flex at /buildworker/worker/package_linux64/build/src/toplevel.c:877
jl_toplevel_eval_flex at /buildworker/worker/package_linux64/build/src/toplevel.c:825
jl_toplevel_eval_in at /buildworker/worker/package_linux64/build/src/toplevel.c:929
eval at ./boot.jl:360 [inlined]
include_string at ./loading.jl:1116
_jl_invoke at /buildworker/worker/package_linux64/build/src/gf.c:2237 [inlined]
jl_apply_generic at /buildworker/worker/package_linux64/build/src/gf.c:2419
_include at ./loading.jl:1170
include at ./Base.jl:386
_jl_invoke at /buildworker/worker/package_linux64/build/src/gf.c:2237 [inlined]
jl_apply_generic at /buildworker/worker/package_linux64/build/src/gf.c:2419
exec_options at ./client.jl:285
_start at ./client.jl:485
jfptr__start_34281.clone_1 at /home/yjkim/julia-1.6.2/lib/julia/sys.so (unknown line)
_jl_invoke at /buildworker/worker/package_linux64/build/src/gf.c:2237 [inlined]
jl_apply_generic at /buildworker/worker/package_linux64/build/src/gf.c:2419
jl_apply at /buildworker/worker/package_linux64/build/src/julia.h:1703 [inlined]
true_main at /buildworker/worker/package_linux64/build/src/jlapi.c:560
repl_entrypoint at /buildworker/worker/package_linux64/build/src/jlapi.c:702
main at /buildworker/worker/package_linux64/build/cli/loader_exe.c:51
__libc_start_main at /lib/x86_64-linux-gnu/libc.so.6 (unknown line)
_start at /home/yjkim/julia-1.6.2/bin/julia (unknown line)
unknown function (ip: (nil))
Allocations: 22106961 (Pool: 22098928; Big: 8033); GC: 23
 41.190041 seconds (25.88 M allocations: 14.066 GiB, 1.39% gc time, 4.25% compilation time)
 41.851567 seconds (23.08 M allocations: 13.901 GiB, 0.67% gc time)
 42.139934 seconds (23.08 M allocations: 13.899 GiB, 0.61% gc time)
 42.073767 seconds (23.08 M allocations: 13.900 GiB, 0.56% gc time)
 42.232085 seconds (23.08 M allocations: 13.902 GiB, 0.60% gc time)
 42.060106 seconds (23.08 M allocations: 13.892 GiB, 0.57% gc time)
 41.560684 seconds (23.08 M allocations: 13.899 GiB, 0.53% gc time)
 42.148090 seconds (23.08 M allocations: 13.900 GiB, 0.56% gc time)
 42.074896 seconds (23.08 M allocations: 13.896 GiB, 0.56% gc time)
 41.884295 seconds (23.08 M allocations: 13.906 GiB, 0.54% gc time)
 41.891591 seconds (23.08 M allocations: 13.910 GiB, 0.56% gc time)
 42.186197 seconds (23.08 M allocations: 13.898 GiB, 0.54% gc time)
 41.921499 seconds (23.08 M allocations: 13.900 GiB, 0.56% gc time)
 41.638726 seconds (23.08 M allocations: 13.901 GiB, 0.53% gc time)
 43.381850 seconds (23.82 M allocations: 14.350 GiB, 0.55% gc time)
 44.742309 seconds (24.55 M allocations: 14.780 GiB, 0.53% gc time)
 46.409738 seconds (25.65 M allocations: 15.449 GiB, 0.56% gc time)
 50.152249 seconds (27.48 M allocations: 16.569 GiB, 0.55% gc time)
 55.786503 seconds (30.41 M allocations: 18.329 GiB, 0.54% gc time)
 65.410998 seconds (35.54 M allocations: 21.432 GiB, 0.55% gc time)
 58.020830 seconds (26.25 M allocations: 14.678 GiB, 1.02% gc time, 3.14% compilation time)
 56.571389 seconds (23.45 M allocations: 14.518 GiB, 0.49% gc time)
 56.514131 seconds (23.45 M allocations: 14.508 GiB, 0.44% gc time)
 56.255503 seconds (23.45 M allocations: 14.506 GiB, 0.40% gc time)
 56.754013 seconds (23.45 M allocations: 14.533 GiB, 0.41% gc time)
 56.120366 seconds (23.45 M allocations: 14.507 GiB, 0.40% gc time)
 56.905779 seconds (23.45 M allocations: 14.533 GiB, 0.40% gc time)
 56.207527 seconds (23.45 M allocations: 14.525 GiB, 0.41% gc time)
 56.665137 seconds (23.45 M allocations: 14.521 GiB, 0.41% gc time)
 55.974751 seconds (23.45 M allocations: 14.511 GiB, 0.40% gc time)
 56.172962 seconds (23.45 M allocations: 14.521 GiB, 0.41% gc time)
 57.291255 seconds (23.45 M allocations: 14.536 GiB, 0.39% gc time)
 56.370623 seconds (23.45 M allocations: 14.526 GiB, 0.40% gc time)
 56.034614 seconds (23.45 M allocations: 14.513 GiB, 0.41% gc time)
 56.957353 seconds (23.45 M allocations: 14.534 GiB, 0.40% gc time)
 56.147904 seconds (24.02 M allocations: 14.871 GiB, 0.42% gc time)
 57.205271 seconds (25.74 M allocations: 15.945 GiB, 0.44% gc time)
 60.278794 seconds (27.45 M allocations: 16.989 GiB, 0.44% gc time)
 66.863244 seconds (30.31 M allocations: 18.787 GiB, 0.45% gc time)
 78.487744 seconds (35.46 M allocations: 21.976 GiB, 0.44% gc time)
 76.729341 seconds (25.85 M allocations: 14.926 GiB, 1.03% gc time, 2.31% compilation time)
 74.071456 seconds (23.05 M allocations: 14.765 GiB, 0.41% gc time)
 73.064296 seconds (23.04 M allocations: 14.743 GiB, 0.33% gc time)
 73.060016 seconds (23.04 M allocations: 14.752 GiB, 0.34% gc time)
 73.919732 seconds (23.05 M allocations: 14.769 GiB, 0.29% gc time)
 73.122286 seconds (23.05 M allocations: 14.774 GiB, 0.30% gc time)
 73.353822 seconds (23.04 M allocations: 14.750 GiB, 0.32% gc time)
 71.524564 seconds (23.04 M allocations: 14.718 GiB, 0.34% gc time)
 75.669074 seconds (23.05 M allocations: 14.818 GiB, 0.31% gc time)
 73.259614 seconds (23.05 M allocations: 14.758 GiB, 0.31% gc time)
 74.286283 seconds (23.05 M allocations: 14.765 GiB, 0.39% gc time)
 71.891904 seconds (23.04 M allocations: 14.726 GiB, 0.32% gc time)
 70.444028 seconds (23.05 M allocations: 14.786 GiB, 0.31% gc time)
 69.973097 seconds (23.05 M allocations: 14.767 GiB, 0.31% gc time)
 72.302822 seconds (23.87 M allocations: 15.292 GiB, 0.39% gc time)
 70.433857 seconds (23.87 M allocations: 15.292 GiB, 0.34% gc time)
 69.481464 seconds (25.51 M allocations: 16.350 GiB, 0.35% gc time)
 76.971983 seconds (27.98 M allocations: 17.949 GiB, 0.36% gc time)
 83.581016 seconds (30.45 M allocations: 19.527 GiB, 0.39% gc time)
100.490413 seconds (36.22 M allocations: 23.271 GiB, 0.33% gc time)
